

Started GET "/" for 127.0.0.1 at Sat Oct 23 20:01:18 -0700 2010

ActionController::RoutingError (No route matches "/"):
  

Rendered /Library/Ruby/Gems/1.8/gems/actionpack-3.0.1/lib/action_dispatch/middleware/templates/rescues/routing_error.erb within rescues/layout (0.6ms)


Started GET "/" for 127.0.0.1 at Sat Oct 23 20:01:22 -0700 2010

ActionController::RoutingError (No route matches "/"):
  

Rendered /Library/Ruby/Gems/1.8/gems/actionpack-3.0.1/lib/action_dispatch/middleware/templates/rescues/routing_error.erb within rescues/layout (0.6ms)


Started GET "/" for 127.0.0.1 at Sat Oct 23 20:01:24 -0700 2010

ActionController::RoutingError (No route matches "/"):
  

Rendered /Library/Ruby/Gems/1.8/gems/actionpack-3.0.1/lib/action_dispatch/middleware/templates/rescues/routing_error.erb within rescues/layout (0.6ms)


Started GET "/" for 127.0.0.1 at Sat Oct 23 20:02:32 -0700 2010

ActionController::RoutingError (uninitialized constant WelcomeController):
  

Rendered /Library/Ruby/Gems/1.8/gems/actionpack-3.0.1/lib/action_dispatch/middleware/templates/rescues/routing_error.erb within rescues/layout (0.6ms)


Started GET "/" for 127.0.0.1 at Sat Oct 23 20:02:40 -0700 2010
  Processing by HomeController#index as HTML
Rendered home/index.html.erb within layouts/application (2.2ms)
Completed 200 OK in 10ms (Views: 9.8ms | ActiveRecord: 0.0ms)
  [1m[36mSQL (23.0ms)[0m  [1m SELECT name
 FROM sqlite_master
 WHERE type = 'table' AND NOT name = 'sqlite_sequence'
[0m
  [1m[35mSQL (0.1ms)[0m  select sqlite_version(*)
  [1m[36mSQL (1.4ms)[0m  [1mCREATE TABLE "schema_migrations" ("version" varchar(255) NOT NULL) [0m
  [1m[35mSQL (0.1ms)[0m  PRAGMA index_list("schema_migrations")
  [1m[36mSQL (1.2ms)[0m  [1mCREATE UNIQUE INDEX "unique_schema_migrations" ON "schema_migrations" ("version")[0m
  [1m[35mSQL (0.2ms)[0m   SELECT name
 FROM sqlite_master
 WHERE type = 'table' AND NOT name = 'sqlite_sequence'
  [1m[36mSQL (0.2ms)[0m  [1m SELECT name
 FROM sqlite_master
 WHERE type = 'table' AND NOT name = 'sqlite_sequence'
[0m
  [1m[35mSQL (0.1ms)[0m  SELECT "schema_migrations"."version" FROM "schema_migrations"
Migrating to CreatePosts (20101024030354)
  [1m[36mSQL (0.5ms)[0m  [1mCREATE TABLE "posts" ("id" INTEGER PRIMARY KEY AUTOINCREMENT NOT NULL, "name" varchar(255), "title" varchar(255), "content" text, "created_at" datetime, "updated_at" datetime) [0m
  [1m[35mSQL (0.1ms)[0m  INSERT INTO "schema_migrations" ("version") VALUES ('20101024030354')
  [1m[36mSQL (0.2ms)[0m  [1m SELECT name
 FROM sqlite_master
 WHERE type = 'table' AND NOT name = 'sqlite_sequence'
[0m
  [1m[35mSQL (0.1ms)[0m  SELECT "schema_migrations"."version" FROM "schema_migrations"
  [1m[36mSQL (0.2ms)[0m  [1m SELECT name
 FROM sqlite_master
 WHERE type = 'table' AND NOT name = 'sqlite_sequence'
[0m
  [1m[35mSQL (0.0ms)[0m  PRAGMA index_list("posts")
  [1m[36mSQL (0.5ms)[0m  [1m SELECT name
 FROM sqlite_master
 WHERE type = 'table' AND NOT name = 'sqlite_sequence'
[0m
  [1m[35mSQL (0.1ms)[0m   SELECT name
 FROM sqlite_master
 WHERE type = 'table' AND NOT name = 'sqlite_sequence'
  [1m[36mSQL (0.1ms)[0m  [1mSELECT "schema_migrations"."version" FROM "schema_migrations"[0m
Migrating to CreatePosts (20101024030354)
  [1m[35mSQL (0.1ms)[0m  select sqlite_version(*)
  [1m[36mSQL (0.1ms)[0m  [1m SELECT name
 FROM sqlite_master
 WHERE type = 'table' AND NOT name = 'sqlite_sequence'
[0m
  [1m[35mSQL (0.1ms)[0m  SELECT "schema_migrations"."version" FROM "schema_migrations"
  [1m[36mSQL (0.1ms)[0m  [1m SELECT name
 FROM sqlite_master
 WHERE type = 'table' AND NOT name = 'sqlite_sequence'
[0m
  [1m[35mSQL (0.0ms)[0m  PRAGMA index_list("posts")
  [1m[36mSQL (0.4ms)[0m  [1m SELECT name
 FROM sqlite_master
 WHERE type = 'table' AND NOT name = 'sqlite_sequence'
[0m
  [1m[35mSQL (0.1ms)[0m   SELECT name
 FROM sqlite_master
 WHERE type = 'table' AND NOT name = 'sqlite_sequence'
  [1m[36mSQL (0.1ms)[0m  [1mSELECT "schema_migrations"."version" FROM "schema_migrations"[0m
Migrating to CreatePosts (20101024030354)
  [1m[35mSQL (0.1ms)[0m  select sqlite_version(*)
  [1m[36mSQL (0.1ms)[0m  [1m SELECT name
 FROM sqlite_master
 WHERE type = 'table' AND NOT name = 'sqlite_sequence'
[0m
  [1m[35mSQL (0.1ms)[0m  SELECT "schema_migrations"."version" FROM "schema_migrations"
  [1m[36mSQL (0.1ms)[0m  [1m SELECT name
 FROM sqlite_master
 WHERE type = 'table' AND NOT name = 'sqlite_sequence'
[0m
  [1m[35mSQL (0.0ms)[0m  PRAGMA index_list("posts")


Started GET "/" for 127.0.0.1 at Sat Oct 23 20:06:41 -0700 2010
  Processing by HomeController#index as HTML
Rendered home/index.html.erb within layouts/application (1.9ms)
Completed 200 OK in 7ms (Views: 7.0ms | ActiveRecord: 0.0ms)


Started GET "/posts" for 127.0.0.1 at Sat Oct 23 20:06:43 -0700 2010
  Processing by PostsController#index as HTML
  [1m[36mSQL (0.5ms)[0m  [1m SELECT name
 FROM sqlite_master
 WHERE type = 'table' AND NOT name = 'sqlite_sequence'
[0m
  [1m[35mPost Load (0.1ms)[0m  SELECT "posts".* FROM "posts"
Rendered posts/index.html.erb within layouts/application (2.2ms)
Completed 200 OK in 110ms (Views: 60.9ms | ActiveRecord: 0.5ms)


Started GET "/posts/new" for 127.0.0.1 at Sat Oct 23 20:06:45 -0700 2010
  Processing by PostsController#new as HTML
Rendered posts/_form.html.erb (73.1ms)
Rendered posts/new.html.erb within layouts/application (76.6ms)
Completed 200 OK in 114ms (Views: 110.3ms | ActiveRecord: 0.0ms)


Started GET "/posts" for 127.0.0.1 at Sat Oct 23 20:06:46 -0700 2010
  Processing by PostsController#index as HTML
  [1m[36mPost Load (0.3ms)[0m  [1mSELECT "posts".* FROM "posts"[0m
Rendered posts/index.html.erb within layouts/application (15.3ms)
Completed 200 OK in 25ms (Views: 20.5ms | ActiveRecord: 0.3ms)


Started GET "/" for 127.0.0.1 at Sat Oct 23 20:06:47 -0700 2010
  Processing by HomeController#index as HTML
Rendered home/index.html.erb within layouts/application (1.9ms)
Completed 200 OK in 7ms (Views: 6.4ms | ActiveRecord: 0.0ms)


Started GET "/posts" for 127.0.0.1 at Sat Oct 23 20:06:47 -0700 2010
  Processing by PostsController#index as HTML
  [1m[35mPost Load (0.3ms)[0m  SELECT "posts".* FROM "posts"
Rendered posts/index.html.erb within layouts/application (4.9ms)
Completed 200 OK in 14ms (Views: 9.3ms | ActiveRecord: 0.3ms)


Started GET "/posts/new" for 127.0.0.1 at Sat Oct 23 20:06:48 -0700 2010
  Processing by PostsController#new as HTML
Rendered posts/_form.html.erb (5.5ms)
Rendered posts/new.html.erb within layouts/application (8.5ms)
Completed 200 OK in 74ms (Views: 12.8ms | ActiveRecord: 0.0ms)
